0 info it worked if it ends with ok
1 verbose cli [ 'node', '/usr/local/bin/npm', 'install', 'ocrad' ]
2 info using npm@1.4.28
3 info using node@v0.10.33
4 verbose readDependencies using package.json deps
5 verbose cache add [ 'ocrad', null ]
6 verbose cache add name=undefined spec="ocrad" args=["ocrad",null]
7 verbose parsed url { protocol: null,
7 verbose parsed url   slashes: null,
7 verbose parsed url   auth: null,
7 verbose parsed url   host: null,
7 verbose parsed url   port: null,
7 verbose parsed url   hostname: null,
7 verbose parsed url   hash: null,
7 verbose parsed url   search: null,
7 verbose parsed url   query: null,
7 verbose parsed url   pathname: 'ocrad',
7 verbose parsed url   path: 'ocrad',
7 verbose parsed url   href: 'ocrad' }
8 silly lockFile f58a345c-ocrad ocrad
9 verbose lock ocrad /Users/issuser/.npm/f58a345c-ocrad.lock
10 silly lockFile f58a345c-ocrad ocrad
11 silly lockFile f58a345c-ocrad ocrad
12 verbose addNamed [ 'ocrad', '' ]
13 verbose addNamed [ null, '*' ]
14 silly lockFile b855f9d3-ocrad ocrad@
15 verbose lock ocrad@ /Users/issuser/.npm/b855f9d3-ocrad.lock
16 silly addNameRange { name: 'ocrad', range: '*', hasData: false }
17 verbose request where is /ocrad
18 verbose request registry https://registry.npmjs.org/
19 verbose request id 180f4bd159455985
20 verbose url raw /ocrad
21 verbose url resolving [ 'https://registry.npmjs.org/', './ocrad' ]
22 verbose url resolved https://registry.npmjs.org/ocrad
23 verbose request where is https://registry.npmjs.org/ocrad
24 info trying registry request attempt 1 at 23:07:09
25 http GET https://registry.npmjs.org/ocrad
26 http 404 https://registry.npmjs.org/ocrad
27 verbose headers { date: 'Thu, 04 Dec 2014 15:07:10 GMT',
27 verbose headers   server: 'CouchDB/1.5.0 (Erlang OTP/R16B03)',
27 verbose headers   'content-type': 'application/json',
27 verbose headers   'cache-control': 'max-age=0',
27 verbose headers   'content-length': '52',
27 verbose headers   'accept-ranges': 'bytes',
27 verbose headers   via: '1.1 varnish',
27 verbose headers   age: '0',
27 verbose headers   'x-served-by': 'cache-sn86-SIN',
27 verbose headers   'x-cache': 'MISS',
27 verbose headers   'x-cache-hits': '0',
27 verbose headers   'x-timer': 'S1417705630.634649,VS0,VE246',
27 verbose headers   'keep-alive': 'timeout=10, max=50',
27 verbose headers   connection: 'Keep-Alive' }
28 silly registry.get cb [ 404,
28 silly registry.get   { date: 'Thu, 04 Dec 2014 15:07:10 GMT',
28 silly registry.get     server: 'CouchDB/1.5.0 (Erlang OTP/R16B03)',
28 silly registry.get     'content-type': 'application/json',
28 silly registry.get     'cache-control': 'max-age=0',
28 silly registry.get     'content-length': '52',
28 silly registry.get     'accept-ranges': 'bytes',
28 silly registry.get     via: '1.1 varnish',
28 silly registry.get     age: '0',
28 silly registry.get     'x-served-by': 'cache-sn86-SIN',
28 silly registry.get     'x-cache': 'MISS',
28 silly registry.get     'x-cache-hits': '0',
28 silly registry.get     'x-timer': 'S1417705630.634649,VS0,VE246',
28 silly registry.get     'keep-alive': 'timeout=10, max=50',
28 silly registry.get     connection: 'Keep-Alive' } ]
29 silly lockFile b855f9d3-ocrad ocrad@
30 silly lockFile b855f9d3-ocrad ocrad@
31 error 404 404 Not Found: ocrad
31 error 404
31 error 404 'ocrad' is not in the npm registry.
31 error 404 You should bug the author to publish it
31 error 404 It was specified as a dependency of 'application-name'
31 error 404
31 error 404 Note that you can also install from a
31 error 404 tarball, folder, or http url, or git url.
32 error System Darwin 12.5.0
33 error command "node" "/usr/local/bin/npm" "install" "ocrad"
34 error cwd /Volumes/Untitled/work/products/api
35 error node -v v0.10.33
36 error npm -v 1.4.28
37 error code E404
38 verbose exit [ 1, true ]
